<?xml version="1.0" encoding="UTF-8"?>
<testsuite xmlns:xsi="http://www.w3.org/2001/XMLSchema-instance" xsi:noNamespaceSchemaLocation="https://maven.apache.org/surefire/maven-surefire-plugin/xsd/surefire-test-report-3.0.xsd" version="3.0" name="com.example.petmanagement.security.JwtTokenProviderTest" time="0.642" tests="3" errors="0" skipped="0" failures="0">
  <properties>
[...]
</properties>
  <testcase name="generateTokenAndValidate" classname="com.example.petmanagement.security.JwtTokenProviderTest" time="0.401"/>
  <testcase name="tokenExpiration" classname="com.example.petmanagement.security.JwtTokenProviderTest" time="0.224"/>
  <testcase name="extractUsername" classname="com.example.petmanagement.security.JwtTokenProviderTest" time="0.01"/>
</testsuite>